<?xml version="1.0" encoding="UTF-8"?>
<!-- Generated by org.testng.reporters.JUnitReportReporter -->
<testsuite skipped="0" hostname="K2A4769" name="com.genericode.Key2ActLogin" tests="2" failures="0" timestamp="14 Feb 2020 14:12:44 GMT" time="12.291" errors="0">
  <testcase name="Sigout" time="11.562" classname="com.genericode.Key2ActLogin"/>
  <testcase name="loginn" time="0.729" classname="com.genericode.Key2ActLogin"/>
</testsuite> <!-- com.genericode.Key2ActLogin -->
