<?xml version="1.0" encoding="UTF-8"?>
<!-- Generated by org.testng.reporters.JUnitReportReporter -->
<testsuite skipped="2" hostname="K2A4769" name="com.IoTHuB.Key2ActIoT" tests="3" failures="0" timestamp="13 Feb 2020 16:26:15 GMT" time="3.241" errors="0">
  <testcase name="IOT" time="3.241" classname="com.IoTHuB.Key2ActIoT"/>
  <testcase name="Agent" classname="com.IoTHuB.Key2ActIoT">
    <skipped/>
  </testcase> <!-- Agent -->
  <testcase name="ManageAgent" classname="com.IoTHuB.Key2ActIoT">
    <skipped/>
  </testcase> <!-- ManageAgent -->
</testsuite> <!-- com.IoTHuB.Key2ActIoT -->
