<?xml version="1.0" encoding="UTF-8"?>
<!-- Generated by org.testng.reporters.JUnitReportReporter -->
<testsuite skipped="0" hostname="K2A4769" name="com.genericode.Menu" tests="1" failures="0" timestamp="12 Nov 2019 20:51:41 GMT" time="0.147" errors="0">
  <testcase name="Menu" time="0.147" classname="com.genericode.Menu"/>
</testsuite> <!-- com.genericode.Menu -->
