<?xml version="1.0" encoding="UTF-8"?>
<!-- Generated by org.testng.reporters.JUnitReportReporter -->
<testsuite skipped="0" hostname="K2A4769" name="com.Subscriptions.ManageSubscriotion" tests="1" failures="0" timestamp="30 Jan 2020 15:51:52 GMT" time="5.294" errors="0">
  <testcase name="ManageUserSub" time="5.294" classname="com.Subscriptions.ManageSubscriotion"/>
</testsuite> <!-- com.Subscriptions.ManageSubscriotion -->
