<?xml version="1.0" encoding="UTF-8"?>
<!-- Generated by org.testng.reporters.JUnitReportReporter -->
<testsuite skipped="0" hostname="K2A4769" name="com.genericode.IoTAgent" tests="1" failures="0" timestamp="26 Nov 2019 14:31:21 GMT" time="0.010" errors="0">
  <testcase name="AssignAgent" time="0.010" classname="com.genericode.IoTAgent"/>
</testsuite> <!-- com.genericode.IoTAgent -->
