<?xml version="1.0" encoding="UTF-8"?>
<!-- Generated by org.testng.reporters.JUnitReportReporter -->
<testsuite skipped="0" hostname="K2A4769" name="com.ArchitectTest.CampusTest" tests="1" failures="0" timestamp="19 Feb 2020 19:56:50 GMT" time="16.621" errors="0">
  <testcase name="ClientCampus" time="16.621" classname="com.ArchitectTest.CampusTest"/>
</testsuite> <!-- com.ArchitectTest.CampusTest -->
