<?xml version="1.0" encoding="UTF-8"?>
<!-- Generated by org.testng.reporters.JUnitReportReporter -->
<testsuite skipped="0" hostname="K2A4769" name="com.Subscriptions.ClientManageSubs" tests="1" failures="0" timestamp="30 Jan 2020 16:56:57 GMT" time="7.938" errors="0">
  <testcase name="ManageClientsubs" time="7.938" classname="com.Subscriptions.ClientManageSubs"/>
</testsuite> <!-- com.Subscriptions.ClientManageSubs -->
