<?xml version="1.0" encoding="UTF-8"?>
<!-- Generated by org.testng.reporters.JUnitReportReporter -->
<testsuite skipped="0" hostname="K2A4769" name="com.genericode.Key2ActCreateC" tests="1" failures="0" timestamp="13 Feb 2020 16:00:19 GMT" time="74.240" errors="0">
  <testcase name="createcompany" time="74.240" classname="com.genericode.Key2ActCreateC"/>
</testsuite> <!-- com.genericode.Key2ActCreateC -->
