<?xml version="1.0" encoding="UTF-8"?>
<!-- Generated by org.testng.reporters.JUnitReportReporter -->
<testsuite skipped="0" hostname="K2A4769" name="Subscriptions.Home" tests="2" failures="0" timestamp="27 Jan 2020 18:54:04 GMT" time="49.805" errors="0">
  <testcase name="Setup" time="45.320" classname="Subscriptions.Home"/>
  <testcase name="SubsCl" time="4.485" classname="Subscriptions.Home"/>
</testsuite> <!-- Subscriptions.Home -->
