<?xml version="1.0" encoding="UTF-8"?>
<!-- Generated by org.testng.reporters.JUnitReportReporter -->
<testsuite skipped="0" hostname="K2A4769" name="com.IoTHuB.AgentInvent" tests="2" failures="0" timestamp="05 Feb 2020 19:41:06 GMT" time="10.714" errors="0">
  <testcase name="IOT" time="3.239" classname="com.IoTHuB.AgentInvent"/>
  <testcase name="BasInventory" time="7.475" classname="com.IoTHuB.AgentInvent"/>
</testsuite> <!-- com.IoTHuB.AgentInvent -->
