<?xml version="1.0" encoding="UTF-8"?>
<!-- Generated by org.testng.reporters.JUnitReportReporter -->
<testsuite skipped="0" hostname="K2A4769" name="com.genericode.ExtentReport" tests="1" failures="0" timestamp="11 Dec 2019 20:21:56 GMT" time="0.015" errors="0">
  <testcase name="Testing" time="0.015" classname="com.genericode.ExtentReport"/>
</testsuite> <!-- com.genericode.ExtentReport -->
