<?xml version="1.0" encoding="UTF-8"?>
<!-- Generated by org.testng.reporters.JUnitReportReporter -->
<testsuite skipped="0" hostname="K2A4769" name="Subscriptions.Architecct" tests="2" failures="0" timestamp="27 Jan 2020 16:52:07 GMT" time="52.369" errors="0">
  <testcase name="SubsCl" time="6.933" classname="Subscriptions.Architecct"/>
  <testcase name="Setup" time="45.436" classname="Subscriptions.Architecct"/>
</testsuite> <!-- Subscriptions.Architecct -->
