<?xml version="1.0" encoding="UTF-8"?>
<!-- Generated by org.testng.reporters.JUnitReportReporter -->
<testsuite skipped="3" hostname="K2A4769" name="com.IoTHuB.AgentsAction" tests="4" failures="0" timestamp="31 Jan 2020 14:56:31 GMT" time="3.206" errors="0">
  <testcase name="IOT" time="3.206" classname="com.IoTHuB.AgentsAction"/>
  <testcase name="FactoryR" classname="com.IoTHuB.AgentsAction">
    <skipped/>
  </testcase> <!-- FactoryR -->
  <testcase name="DelAgnet" classname="com.IoTHuB.AgentsAction">
    <skipped/>
  </testcase> <!-- DelAgnet -->
  <testcase name="reboot" classname="com.IoTHuB.AgentsAction">
    <skipped/>
  </testcase> <!-- reboot -->
</testsuite> <!-- com.IoTHuB.AgentsAction -->
