<?xml version="1.0" encoding="UTF-8"?>
<!-- Generated by org.testng.reporters.JUnitReportReporter -->
<testsuite skipped="0" hostname="K2A4769" name="com.genericode.Forgotpwd" tests="1" failures="0" timestamp="27 Jan 2020 15:33:44 GMT" time="0.382" errors="0">
  <testcase name="password" time="0.382" classname="com.genericode.Forgotpwd"/>
</testsuite> <!-- com.genericode.Forgotpwd -->
